<?xml version="1.0" encoding="UTF-8"?>
<testsuite xmlns:xsi="http://www.w3.org/2001/XMLSchema-instance" xsi:noNamespaceSchemaLocation="https://maven.apache.org/surefire/maven-surefire-plugin/xsd/surefire-test-report.xsd" name="project1.jcscheufele.dbs2_d22.cs.wpi.java.BufferPoolTest" time="0.001" tests="4" errors="0" skipped="0" failures="0">
  <properties>
[...]
</properties>
  <testcase name="testcalcBlockIDfromRecordID" classname="project1.jcscheufele.dbs2_d22.cs.wpi.java.BufferPoolTest" time="0"/>
  <testcase name="shouldAnswerWithTrue" classname="project1.jcscheufele.dbs2_d22.cs.wpi.java.BufferPoolTest" time="0"/>
  <testcase name="testBufferPoolInit" classname="project1.jcscheufele.dbs2_d22.cs.wpi.java.BufferPoolTest" time="0"/>
  <testcase name="testLoadFromDisk" classname="project1.jcscheufele.dbs2_d22.cs.wpi.java.BufferPoolTest" time="0"/>
</testsuite>